<?xml version="1.0" encoding="UTF-8"?>
<!-- Generated by org.testng.reporters.JUnitReportReporter -->
<testsuite hostname="PC" failures="0" tests="2" name="com.webautomation.tests.LoginPageTests" time="39.192" errors="0" timestamp="2022-03-01T01:29:04 IST" skipped="0">
  <testcase classname="com.webautomation.tests.LoginPageTests" name="test1" time="19.654"/>
  <system-out/>
  <testcase classname="com.webautomation.tests.LoginPageTests" name="test2" time="19.538"/>
  <system-out/>
</testsuite> <!-- com.webautomation.tests.LoginPageTests -->
