<?xml version="1.0" encoding="UTF-8"?>
<!-- Generated by org.testng.reporters.JUnitReportReporter -->
<testsuite hostname="PC" failures="0" tests="2" name="com.webautomation.tests.HomePageTests" time="39.283" errors="0" timestamp="2022-03-01T01:29:04 IST" skipped="0">
  <testcase classname="com.webautomation.tests.HomePageTests" name="test3" time="19.880"/>
  <system-out/>
  <testcase classname="com.webautomation.tests.HomePageTests" name="test4" time="19.403"/>
  <system-out/>
</testsuite> <!-- com.webautomation.tests.HomePageTests -->
