<?xml version="1.0" encoding="UTF-8"?>
<!-- Generated by org.testng.reporters.JUnitReportReporter -->
<testsuite skipped="0" hostname="PC" name="com.webautomation.tests.OrangeHRMTests" tests="2" failures="0" timestamp="2022-03-04T01:12:55 IST" time="76.771" errors="0">
  <testcase name="MyInfoTest" time="43.719" classname="com.webautomation.tests.OrangeHRMTests"/>
  <system-out/>
  <testcase name="MyInfoTest" time="33.052" classname="com.webautomation.tests.OrangeHRMTests"/>
  <system-out/>
</testsuite> <!-- com.webautomation.tests.OrangeHRMTests -->
